<?xml version="1.0" encoding="UTF-8"?><testsuite errors="0" failures="1" name="org.example.features.search.SearchByKeywordStory" skipped="0" tests="2" time="285.4" timestamp="2023-05-13 05:17:45"><testcase classname="org.example.features.search.SearchByKeywordStory" name="Search bec"><failure message="&#10;Expected: a string containing &quot;5&quot;&#10;     but: was &quot;3&quot;" type="java.lang.AssertionError">
Expected: a string containing "5"
     but: was "3"</failure><system-err>
Expected: a string containing "5"
     but: was "3"
org.example.steps.serenity.EndUserSteps.should_have_items(EndUserSteps.java:38)
org.example.features.search.SearchByKeywordStory.searchBec(SearchByKeywordStory.java:81)
</system-err></testcase></testsuite>